2016-11-21 01:08:51 [main] INFO  com.epam.fifth.validate.XMLValidator - Validating is ended.
2016-11-21 01:08:52 [main] INFO  com.epam.fifth.validate.XMLValidator - Validating is ended.
2016-11-21 01:08:52 [main] INFO  com.epam.fifth.validate.XMLValidator - Validating is ended.
2016-11-21 14:22:33 [main] ERROR com.epam.fifth.validate.XMLValidator - java.net.MalformedURLException
2016-11-21 14:31:27 [main] ERROR com.epam.fifth.validate.XMLValidator - java.net.MalformedURLException
2016-11-21 14:38:52 [main] ERROR com.epam.fifth.builder.CandiesDOMBuilder - One of transmittable parameters object is null.
2016-11-21 14:40:47 [main] ERROR com.epam.fifth.builder.CandiesDOMBuilder - One of transmittable parameters object is null.
2016-11-21 14:40:47 [main] ERROR com.epam.fifth.builder.CandiesDOMBuilder - One of transmittable parameters object is null.
2016-11-21 14:47:37 [main] ERROR com.epam.fifth.validate.XMLValidator - java.io.FileNotFoundException: D:\Programming\Java\Projects\EPAM\EpamFifthTask\test_data.xml (Не удается найти указанный файл)
2016-11-21 14:47:37 [main] ERROR com.epam.fifth.builder.CandiesDOMBuilder - java.io.FileNotFoundException: D:\Programming\Java\Projects\EPAM\EpamFifthTask\test_data.xml (Не удается найти указанный файл)
2016-11-21 14:49:12 [main] ERROR com.epam.fifth.validate.XMLValidator - org.xml.sax.SAXParseException; schema_reference.4: Failed to read schema document 'file:/D:/Programming/Java/Projects/EPAM/EpamFifthTask/test_data.xsd', because 1) could not find the document; 2) the document could not be read; 3) the root element of the document is not <xsd:schema>.
2016-11-21 14:58:01 [main] ERROR com.epam.fifth.validate.XMLValidator - org.xml.sax.SAXParseException; schema_reference.4: Failed to read schema document 'file:/D:/Programming/Java/Projects/EPAM/EpamFifthTask/test_data.xsd', because 1) could not find the document; 2) the document could not be read; 3) the root element of the document is not <xsd:schema>.
2016-11-21 15:00:23 [main] INFO  com.epam.fifth.validate.XMLValidator - Validating is ended.
2016-11-21 15:00:23 [main] ERROR com.epam.fifth.validate.XMLValidator - org.xml.sax.SAXParseException; schema_reference.4: Failed to read schema document 'file:/D:/Programming/Java/Projects/EPAM/EpamFifthTask/test_data.xsd', because 1) could not find the document; 2) the document could not be read; 3) the root element of the document is not <xsd:schema>.
2016-11-21 15:00:23 [main] ERROR com.epam.fifth.validate.XMLValidator - java.io.FileNotFoundException: D:\Programming\Java\Projects\EPAM\EpamFifthTask\test_data.xml (Не удается найти указанный файл)
2016-11-21 15:00:23 [main] ERROR com.epam.fifth.builder.CandiesDOMBuilder - One of transmittable parameters object is null.
2016-11-21 15:00:23 [main] ERROR com.epam.fifth.builder.CandiesDOMBuilder - One of transmittable parameters object is null.
2016-11-21 15:02:08 [main] INFO  com.epam.fifth.validate.XMLValidator - Validating is ended.
2016-11-21 15:02:08 [main] ERROR com.epam.fifth.validate.XMLValidator - org.xml.sax.SAXParseException; schema_reference.4: Failed to read schema document 'file:/D:/Programming/Java/Projects/EPAM/EpamFifthTask/test_data.xsd', because 1) could not find the document; 2) the document could not be read; 3) the root element of the document is not <xsd:schema>.
2016-11-21 15:02:08 [main] ERROR com.epam.fifth.validate.XMLValidator - java.io.FileNotFoundException: D:\Programming\Java\Projects\EPAM\EpamFifthTask\test_data.xml (Не удается найти указанный файл)
2016-11-21 15:02:08 [main] ERROR com.epam.fifth.builder.CandiesDOMBuilder - One of transmittable parameters object is null.
2016-11-21 15:02:08 [main] ERROR com.epam.fifth.builder.CandiesDOMBuilder - One of transmittable parameters object is null.
2016-11-21 15:05:58 [main] ERROR com.epam.fifth.validate.XMLValidator - java.net.MalformedURLException
2016-11-21 15:06:47 [main] ERROR com.epam.fifth.validate.XMLValidator - java.net.MalformedURLException
2016-11-21 15:10:08 [main] ERROR com.epam.fifth.validate.XMLValidator - java.io.FileNotFoundException: D:\Programming\Java\Projects\EPAM\EpamFifthTask\1234 (Не удается найти указанный файл)
2016-11-21 15:10:08 [main] ERROR com.epam.fifth.validate.XMLValidator - java.net.MalformedURLException
2016-11-21 15:10:42 [main] ERROR com.epam.fifth.validate.XMLValidator - org.xml.sax.SAXParseException; schema_reference.4: Failed to read schema document 'file:/D:/Programming/Java/Projects/EPAM/EpamFifthTask/1234', because 1) could not find the document; 2) the document could not be read; 3) the root element of the document is not <xsd:schema>.
2016-11-21 15:10:42 [main] ERROR com.epam.fifth.validate.XMLValidator - java.io.FileNotFoundException: D:\Programming\Java\Projects\EPAM\EpamFifthTask\1234 (Не удается найти указанный файл)
2016-11-21 15:10:42 [main] ERROR com.epam.fifth.validate.XMLValidator - java.net.MalformedURLException
2016-11-21 15:14:06 [main] ERROR com.epam.fifth.validate.XMLValidator - org.xml.sax.SAXParseException; schema_reference.4: Failed to read schema document 'file:/D:/Programming/Java/Projects/EPAM/EpamFifthTask/1234', because 1) could not find the document; 2) the document could not be read; 3) the root element of the document is not <xsd:schema>.
2016-11-21 15:14:06 [main] ERROR com.epam.fifth.handler.CandiesErrorHandler - 12 : 16 - cvc-complex-type.2.4.a: Invalid content was found starting with element 'color'. One of '{"http://www.epam.com/candies":production}' is expected.
2016-11-21 15:14:06 [main] ERROR com.epam.fifth.handler.CandiesErrorHandler - 14 : 49 - cvc-datatype-valid.1.2.1: 'dhsajkhdska' is not a valid value for 'decimal'.
2016-11-21 15:14:06 [main] ERROR com.epam.fifth.handler.CandiesErrorHandler - 14 : 49 - cvc-type.3.1.3: The value 'dhsajkhdska' of element 'cocoa-mass' is not valid.
2016-11-21 15:14:06 [main] INFO  com.epam.fifth.validate.XMLValidator - Validating is ended.
2016-11-21 15:14:06 [main] ERROR com.epam.fifth.validate.XMLValidator - java.io.FileNotFoundException: D:\Programming\Java\Projects\EPAM\EpamFifthTask\1234 (Не удается найти указанный файл)
2016-11-21 15:14:06 [main] ERROR com.epam.fifth.validate.XMLValidator - java.net.MalformedURLException
2016-11-21 15:17:17 [main] ERROR com.epam.fifth.handler.CandiesErrorHandler - 12 : 16 - cvc-complex-type.2.4.a: Invalid content was found starting with element 'color'. One of '{"http://www.epam.com/candies":production}' is expected.
2016-11-21 15:17:17 [main] ERROR com.epam.fifth.handler.CandiesErrorHandler - 14 : 49 - cvc-datatype-valid.1.2.1: 'dhsajkhdska' is not a valid value for 'decimal'.
2016-11-21 15:17:17 [main] ERROR com.epam.fifth.handler.CandiesErrorHandler - 14 : 49 - cvc-type.3.1.3: The value 'dhsajkhdska' of element 'cocoa-mass' is not valid.
2016-11-21 15:17:17 [main] INFO  com.epam.fifth.validate.XMLValidator - Validating is ended.
2016-11-21 15:21:07 [main] ERROR com.epam.fifth.handler.CandiesErrorHandler - 6 : 17 - cvc-complex-type.2.4.a: Invalid content was found starting with element 'system'. One of '{"http://www.epam.com/candies":energy}' is expected.
2016-11-21 15:21:07 [main] ERROR com.epam.fifth.handler.CandiesErrorHandler - 15 : 49 - cvc-datatype-valid.1.2.1: 'dhsajkhdska' is not a valid value for 'decimal'.
2016-11-21 15:21:07 [main] ERROR com.epam.fifth.handler.CandiesErrorHandler - 15 : 49 - cvc-type.3.1.3: The value 'dhsajkhdska' of element 'cocoa-mass' is not valid.
2016-11-21 15:21:07 [main] INFO  com.epam.fifth.validate.XMLValidator - Validating is ended.
2016-11-21 15:26:21 [main] ERROR com.epam.fifth.handler.CandiesErrorHandler - 12 : 16 - cvc-complex-type.2.4.a: Invalid content was found starting with element 'color'. One of '{"http://www.epam.com/candies":production}' is expected.
2016-11-21 15:26:21 [main] ERROR com.epam.fifth.handler.CandiesErrorHandler - 14 : 49 - cvc-datatype-valid.1.2.1: 'dhsajkhdska' is not a valid value for 'decimal'.
2016-11-21 15:26:21 [main] ERROR com.epam.fifth.handler.CandiesErrorHandler - 14 : 49 - cvc-type.3.1.3: The value 'dhsajkhdska' of element 'cocoa-mass' is not valid.
2016-11-21 15:26:21 [main] INFO  com.epam.fifth.validate.XMLValidator - Validating is ended.
2016-11-21 15:29:00 [main] ERROR com.epam.fifth.handler.CandiesErrorHandler - 12 : 16 - cvc-complex-type.2.4.a: Invalid content was found starting with element 'color'. One of '{"http://www.epam.com/candies":production}' is expected.
2016-11-21 15:29:00 [main] ERROR com.epam.fifth.handler.CandiesErrorHandler - 14 : 49 - cvc-datatype-valid.1.2.1: 'dhsajkhdska' is not a valid value for 'decimal'.
2016-11-21 15:29:00 [main] ERROR com.epam.fifth.handler.CandiesErrorHandler - 14 : 49 - cvc-type.3.1.3: The value 'dhsajkhdska' of element 'cocoa-mass' is not valid.
2016-11-21 15:29:00 [main] INFO  com.epam.fifth.validate.XMLValidator - Validating is ended.
2016-11-21 15:30:01 [main] ERROR com.epam.fifth.handler.CandiesErrorHandler - 12 : 16 - cvc-complex-type.2.4.a: Invalid content was found starting with element 'color'. One of '{"http://www.epam.com/candies":production}' is expected.
2016-11-21 15:30:01 [main] ERROR com.epam.fifth.handler.CandiesErrorHandler - 14 : 49 - cvc-datatype-valid.1.2.1: 'dhsajkhdska' is not a valid value for 'decimal'.
2016-11-21 15:30:01 [main] ERROR com.epam.fifth.handler.CandiesErrorHandler - 14 : 49 - cvc-type.3.1.3: The value 'dhsajkhdska' of element 'cocoa-mass' is not valid.
2016-11-21 15:30:01 [main] INFO  com.epam.fifth.validate.XMLValidator - Validating is ended.
2016-11-21 15:32:29 [main] ERROR com.epam.fifth.handler.CandiesErrorHandler - 12 : 16 - cvc-complex-type.2.4.a: Invalid content was found starting with element 'color'. One of '{"http://www.epam.com/candies":production}' is expected.
2016-11-21 15:32:29 [main] ERROR com.epam.fifth.handler.CandiesErrorHandler - 14 : 49 - cvc-datatype-valid.1.2.1: 'dhsajkhdska' is not a valid value for 'decimal'.
2016-11-21 15:32:29 [main] ERROR com.epam.fifth.handler.CandiesErrorHandler - 14 : 49 - cvc-type.3.1.3: The value 'dhsajkhdska' of element 'cocoa-mass' is not valid.
2016-11-21 15:32:29 [main] INFO  com.epam.fifth.validate.XMLValidator - Validating is ended.
2016-11-21 15:45:49 [main] ERROR com.epam.fifth.handler.CandiesErrorHandler - 12 : 16 - cvc-complex-type.2.4.a: Invalid content was found starting with element 'color'. One of '{"http://www.epam.com/candies":production}' is expected.
2016-11-21 15:45:49 [main] ERROR com.epam.fifth.handler.CandiesErrorHandler - 14 : 49 - cvc-datatype-valid.1.2.1: 'dhsajkhdska' is not a valid value for 'decimal'.
2016-11-21 15:45:49 [main] ERROR com.epam.fifth.handler.CandiesErrorHandler - 14 : 49 - cvc-type.3.1.3: The value 'dhsajkhdska' of element 'cocoa-mass' is not valid.
2016-11-21 15:45:49 [main] INFO  com.epam.fifth.validate.XMLValidator - Validating is ended.
2016-11-21 15:51:14 [main] ERROR com.epam.fifth.handler.CandiesErrorHandler - 12 : 16 - cvc-complex-type.2.4.a: Invalid content was found starting with element 'color'. One of '{"http://www.epam.com/candies":production}' is expected.
2016-11-21 15:51:44 [main] ERROR com.epam.fifth.handler.CandiesErrorHandler - 14 : 49 - cvc-datatype-valid.1.2.1: 'dhsajkhdska' is not a valid value for 'decimal'.
2016-11-21 15:51:52 [main] ERROR com.epam.fifth.handler.CandiesErrorHandler - 14 : 49 - cvc-type.3.1.3: The value 'dhsajkhdska' of element 'cocoa-mass' is not valid.
2016-11-21 15:52:19 [main] INFO  com.epam.fifth.validate.XMLValidator - Validating is ended.
2016-11-21 15:53:15 [main] ERROR com.epam.fifth.validate.XMLValidator - org.xml.sax.SAXParseException; systemId: file:///D:/Programming/Java/Projects/EPAM/EpamFifthTask/data/test.xml; lineNumber: 12; columnNumber: 16; cvc-complex-type.2.4.a: Invalid content was found starting with element 'color'. One of '{"http://www.epam.com/candies":production}' is expected.
2016-11-21 15:55:06 [main] ERROR com.epam.fifth.validate.XMLValidator - org.xml.sax.SAXParseException; systemId: file:///D:/Programming/Java/Projects/EPAM/EpamFifthTask/data/test.xml; lineNumber: 12; columnNumber: 16; cvc-complex-type.2.4.a: Invalid content was found starting with element 'color'. One of '{"http://www.epam.com/candies":production}' is expected.
2016-11-21 15:55:15 [main] ERROR com.epam.fifth.validate.XMLValidator - org.xml.sax.SAXParseException; systemId: file:///D:/Programming/Java/Projects/EPAM/EpamFifthTask/data/test.xml; lineNumber: 12; columnNumber: 16; cvc-complex-type.2.4.a: Invalid content was found starting with element 'color'. One of '{"http://www.epam.com/candies":production}' is expected.
2016-11-21 15:56:11 [main] ERROR com.epam.fifth.validate.XMLValidator - org.xml.sax.SAXParseException; systemId: file:///D:/Programming/Java/Projects/EPAM/EpamFifthTask/data/test.xml; lineNumber: 12; columnNumber: 16; cvc-complex-type.2.4.a: Invalid content was found starting with element 'color'. One of '{"http://www.epam.com/candies":production}' is expected.
2016-11-21 15:56:29 [main] ERROR com.epam.fifth.handler.CandiesErrorHandler - 12 : 16 - cvc-complex-type.2.4.a: Invalid content was found starting with element 'color'. One of '{"http://www.epam.com/candies":production}' is expected.
2016-11-21 15:56:29 [main] ERROR com.epam.fifth.handler.CandiesErrorHandler - 14 : 49 - cvc-datatype-valid.1.2.1: 'dhsajkhdska' is not a valid value for 'decimal'.
2016-11-21 15:56:29 [main] ERROR com.epam.fifth.handler.CandiesErrorHandler - 14 : 49 - cvc-type.3.1.3: The value 'dhsajkhdska' of element 'cocoa-mass' is not valid.
2016-11-21 15:56:29 [main] INFO  com.epam.fifth.validate.XMLValidator - Validating is ended.
2016-11-21 16:00:42 [main] ERROR com.epam.fifth.handler.CandiesErrorHandler - 12 : 16 - cvc-complex-type.2.4.a: Invalid content was found starting with element 'color'. One of '{"http://www.epam.com/candies":production}' is expected.
2016-11-21 16:00:42 [main] ERROR com.epam.fifth.handler.CandiesErrorHandler - 14 : 49 - cvc-datatype-valid.1.2.1: 'dhsajkhdska' is not a valid value for 'decimal'.
2016-11-21 16:00:42 [main] ERROR com.epam.fifth.handler.CandiesErrorHandler - 14 : 49 - cvc-type.3.1.3: The value 'dhsajkhdska' of element 'cocoa-mass' is not valid.
2016-11-21 16:00:42 [main] INFO  com.epam.fifth.validate.XMLValidator - Validating is ended.
2016-11-21 16:03:03 [main] ERROR com.epam.fifth.handler.CandiesErrorHandler - 12 : 16 - cvc-complex-type.2.4.a: Invalid content was found starting with element 'color'. One of '{"http://www.epam.com/candies":production}' is expected.
2016-11-21 16:03:07 [main] ERROR com.epam.fifth.validate.XMLValidator - org.xml.sax.SAXParseException; systemId: file:///D:/Programming/Java/Projects/EPAM/EpamFifthTask/data/test.xml; lineNumber: 12; columnNumber: 16; cvc-complex-type.2.4.a: Invalid content was found starting with element 'color'. One of '{"http://www.epam.com/candies":production}' is expected.
2016-11-21 16:03:17 [main] ERROR com.epam.fifth.handler.CandiesErrorHandler - 12 : 16 - cvc-complex-type.2.4.a: Invalid content was found starting with element 'color'. One of '{"http://www.epam.com/candies":production}' is expected.
2016-11-21 16:03:17 [main] ERROR com.epam.fifth.validate.XMLValidator - org.xml.sax.SAXParseException; systemId: file:///D:/Programming/Java/Projects/EPAM/EpamFifthTask/data/test.xml; lineNumber: 12; columnNumber: 16; cvc-complex-type.2.4.a: Invalid content was found starting with element 'color'. One of '{"http://www.epam.com/candies":production}' is expected.
2016-11-21 16:04:07 [main] ERROR com.epam.fifth.handler.CandiesErrorHandler - 12 : 16 - cvc-complex-type.2.4.a: Invalid content was found starting with element 'color'. One of '{"http://www.epam.com/candies":production}' is expected.
2016-11-21 16:04:07 [main] ERROR com.epam.fifth.validate.XMLValidator - org.xml.sax.SAXParseException; systemId: file:///D:/Programming/Java/Projects/EPAM/EpamFifthTask/data/test.xml; lineNumber: 12; columnNumber: 16; cvc-complex-type.2.4.a: Invalid content was found starting with element 'color'. One of '{"http://www.epam.com/candies":production}' is expected.
2016-11-21 16:07:50 [main] ERROR com.epam.fifth.validate.XMLValidator - org.xml.sax.SAXParseException; schema_reference.4: Failed to read schema document 'file:/D:/Programming/Java/Projects/EPAM/EpamFifthTask/1234', because 1) could not find the document; 2) the document could not be read; 3) the root element of the document is not <xsd:schema>.
2016-11-21 16:07:50 [main] ERROR com.epam.fifth.handler.CandiesErrorHandler - 12 : 16 - cvc-complex-type.2.4.a: Invalid content was found starting with element 'color'. One of '{"http://www.epam.com/candies":production}' is expected.
2016-11-21 16:07:50 [main] ERROR com.epam.fifth.validate.XMLValidator - org.xml.sax.SAXParseException; systemId: file:///D:/Programming/Java/Projects/EPAM/EpamFifthTask/data/test.xml; lineNumber: 12; columnNumber: 16; cvc-complex-type.2.4.a: Invalid content was found starting with element 'color'. One of '{"http://www.epam.com/candies":production}' is expected.
2016-11-21 16:07:50 [main] INFO  com.epam.fifth.validate.XMLValidator - Validating is ended.
2016-11-21 16:07:50 [main] ERROR com.epam.fifth.validate.XMLValidator - java.io.FileNotFoundException: D:\Programming\Java\Projects\EPAM\EpamFifthTask\1234 (Не удается найти указанный файл)
2016-11-21 16:07:50 [main] ERROR com.epam.fifth.validate.XMLValidator - java.net.MalformedURLException
2016-11-21 16:11:43 [main] INFO  com.epam.fifth.validate.XMLValidator - Validating is ended.
2016-11-21 16:11:43 [main] INFO  com.epam.fifth.validate.XMLValidator - Validating is ended.
2016-11-21 16:11:43 [main] ERROR com.epam.fifth.validate.XMLValidator - org.xml.sax.SAXParseException; schema_reference.4: Failed to read schema document 'file:/D:/Programming/Java/Projects/EPAM/EpamFifthTask/test_data.xsd', because 1) could not find the document; 2) the document could not be read; 3) the root element of the document is not <xsd:schema>.
2016-11-21 16:11:43 [main] ERROR com.epam.fifth.validate.XMLValidator - java.io.FileNotFoundException: D:\Programming\Java\Projects\EPAM\EpamFifthTask\test_data.xml (Не удается найти указанный файл)
2016-11-21 16:11:43 [main] ERROR com.epam.fifth.builder.CandiesSAXBuilder - One of transmittable parameters object is null.
2016-11-21 16:11:43 [main] ERROR com.epam.fifth.builder.CandiesSAXBuilder - One of transmittable parameters object is null.
2016-11-21 16:14:55 [main] INFO  com.epam.fifth.validate.XMLValidator - Validating is ended.
2016-11-21 16:14:55 [main] ERROR com.epam.fifth.validate.XMLValidator - org.xml.sax.SAXParseException; schema_reference.4: Failed to read schema document 'file:/D:/Programming/Java/Projects/EPAM/EpamFifthTask/test_data.xsd', because 1) could not find the document; 2) the document could not be read; 3) the root element of the document is not <xsd:schema>.
2016-11-21 16:14:55 [main] ERROR com.epam.fifth.validate.XMLValidator - java.io.FileNotFoundException: D:\Programming\Java\Projects\EPAM\EpamFifthTask\test_data.xml (Не удается найти указанный файл)
2016-11-21 16:14:55 [main] ERROR com.epam.fifth.builder.CandiesStAXBuilder - One of transmittable parameters object is null.
2016-11-21 16:14:55 [main] ERROR com.epam.fifth.builder.CandiesStAXBuilder - One of transmittable parameters object is null.
2016-11-21 16:31:53 [main] ERROR com.epam.fifth.validate.XMLValidator - org.xml.sax.SAXParseException; schema_reference.4: Failed to read schema document 'file:/D:/Programming/Java/Projects/EPAM/EpamFifthTask/1234', because 1) could not find the document; 2) the document could not be read; 3) the root element of the document is not <xsd:schema>.
2016-11-21 16:31:53 [main] ERROR com.epam.fifth.handler.CandiesErrorHandler - 12 : 16 - cvc-complex-type.2.4.a: Invalid content was found starting with element 'color'. One of '{"http://www.epam.com/candies":production}' is expected.
2016-11-21 16:31:53 [main] ERROR com.epam.fifth.validate.XMLValidator - org.xml.sax.SAXParseException; systemId: file:///D:/Programming/Java/Projects/EPAM/EpamFifthTask/data/test.xml; lineNumber: 12; columnNumber: 16; cvc-complex-type.2.4.a: Invalid content was found starting with element 'color'. One of '{"http://www.epam.com/candies":production}' is expected.
2016-11-21 16:31:53 [main] INFO  com.epam.fifth.validate.XMLValidator - Validating is ended.
2016-11-21 16:31:53 [main] ERROR com.epam.fifth.validate.XMLValidator - java.io.FileNotFoundException: D:\Programming\Java\Projects\EPAM\EpamFifthTask\1234 (Не удается найти указанный файл)
2016-11-21 16:31:53 [main] ERROR com.epam.fifth.validate.XMLValidator - java.net.MalformedURLException
2016-11-21 16:31:53 [main] INFO  com.epam.fifth.validate.XMLValidator - Validating is ended.
2016-11-21 16:31:53 [main] ERROR com.epam.fifth.validate.XMLValidator - org.xml.sax.SAXParseException; schema_reference.4: Failed to read schema document 'file:/D:/Programming/Java/Projects/EPAM/EpamFifthTask/test_data.xsd', because 1) could not find the document; 2) the document could not be read; 3) the root element of the document is not <xsd:schema>.
2016-11-21 16:31:53 [main] ERROR com.epam.fifth.validate.XMLValidator - java.io.FileNotFoundException: D:\Programming\Java\Projects\EPAM\EpamFifthTask\test_data.xml (Не удается найти указанный файл)
2016-11-21 16:31:53 [main] ERROR com.epam.fifth.builder.CandiesDOMBuilder - One of transmittable parameters object is null.
2016-11-21 16:31:53 [main] ERROR com.epam.fifth.builder.CandiesDOMBuilder - One of transmittable parameters object is null.
2016-11-21 16:31:53 [main] INFO  com.epam.fifth.validate.XMLValidator - Validating is ended.
2016-11-21 16:31:53 [main] INFO  com.epam.fifth.validate.XMLValidator - Validating is ended.
2016-11-21 16:31:53 [main] ERROR com.epam.fifth.validate.XMLValidator - org.xml.sax.SAXParseException; schema_reference.4: Failed to read schema document 'file:/D:/Programming/Java/Projects/EPAM/EpamFifthTask/test_data.xsd', because 1) could not find the document; 2) the document could not be read; 3) the root element of the document is not <xsd:schema>.
2016-11-21 16:31:53 [main] ERROR com.epam.fifth.validate.XMLValidator - java.io.FileNotFoundException: D:\Programming\Java\Projects\EPAM\EpamFifthTask\test_data.xml (Не удается найти указанный файл)
2016-11-21 16:31:53 [main] ERROR com.epam.fifth.builder.CandiesSAXBuilder - One of transmittable parameters object is null.
2016-11-21 16:31:53 [main] ERROR com.epam.fifth.builder.CandiesSAXBuilder - One of transmittable parameters object is null.
2016-11-21 16:31:53 [main] INFO  com.epam.fifth.validate.XMLValidator - Validating is ended.
2016-11-21 16:31:53 [main] ERROR com.epam.fifth.validate.XMLValidator - org.xml.sax.SAXParseException; schema_reference.4: Failed to read schema document 'file:/D:/Programming/Java/Projects/EPAM/EpamFifthTask/test_data.xsd', because 1) could not find the document; 2) the document could not be read; 3) the root element of the document is not <xsd:schema>.
2016-11-21 16:31:53 [main] ERROR com.epam.fifth.validate.XMLValidator - java.io.FileNotFoundException: D:\Programming\Java\Projects\EPAM\EpamFifthTask\test_data.xml (Не удается найти указанный файл)
2016-11-21 16:31:53 [main] ERROR com.epam.fifth.builder.CandiesStAXBuilder - One of transmittable parameters object is null.
2016-11-21 16:31:53 [main] ERROR com.epam.fifth.builder.CandiesStAXBuilder - One of transmittable parameters object is null.
